<?xml version="1.0" encoding="UTF-8"?>
<testsuite xmlns:xsi="http://www.w3.org/2001/XMLSchema-instance" xsi:noNamespaceSchemaLocation="https://maven.apache.org/surefire/maven-surefire-plugin/xsd/surefire-test-report.xsd" name="org.apache.commons.compress.harmony.unpack200.tests.SegmentUtilsTest" time="0" tests="3" errors="0" skipped="0" failures="0">
  <properties>
    <property name="gopherProxySet" value="false"/>
    <property name="awt.toolkit" value="sun.lwawt.macosx.LWCToolkit"/>
    <property name="java.specification.version" value="11"/>
    <property name="sun.cpu.isalist" value=""/>
    <property name="sun.jnu.encoding" value="UTF-8"/>
    <property name="java.class.path" value="/Users/abdulrafaenoor/Desktop/UIUC/Spring 2022/CS598 JBR/Deliverables/D1/commons-compress/target/test-classes:/Users/abdulrafaenoor/Desktop/UIUC/Spring 2022/CS598 JBR/Deliverables/D1/commons-compress/target/classes:/Users/abdulrafaenoor/.m2/repository/org/junit/jupiter/junit-jupiter-api/5.8.2/junit-jupiter-api-5.8.2.jar:/Users/abdulrafaenoor/.m2/repository/org/opentest4j/opentest4j/1.2.0/opentest4j-1.2.0.jar:/Users/abdulrafaenoor/.m2/repository/org/junit/platform/junit-platform-commons/1.8.2/junit-platform-commons-1.8.2.jar:/Users/abdulrafaenoor/.m2/repository/org/apiguardian/apiguardian-api/1.1.2/apiguardian-api-1.1.2.jar:/Users/abdulrafaenoor/.m2/repository/org/junit/jupiter/junit-jupiter-params/5.8.2/junit-jupiter-params-5.8.2.jar:/Users/abdulrafaenoor/.m2/repository/org/junit/vintage/junit-vintage-engine/5.8.2/junit-vintage-engine-5.8.2.jar:/Users/abdulrafaenoor/.m2/repository/org/junit/platform/junit-platform-engine/1.8.2/junit-platform-engine-1.8.2.jar:/Users/abdulrafaenoor/.m2/repository/junit/junit/4.13.2/junit-4.13.2.jar:/Users/abdulrafaenoor/.m2/repository/org/hamcrest/hamcrest-core/1.3/hamcrest-core-1.3.jar:/Users/abdulrafaenoor/.m2/repository/org/hamcrest/hamcrest/2.2/hamcrest-2.2.jar:/Users/abdulrafaenoor/.m2/repository/com/github/luben/zstd-jni/1.5.2-1/zstd-jni-1.5.2-1.jar:/Users/abdulrafaenoor/.m2/repository/org/brotli/dec/0.1.2/dec-0.1.2.jar:/Users/abdulrafaenoor/.m2/repository/org/tukaani/xz/1.9/xz-1.9.jar:/Users/abdulrafaenoor/.m2/repository/org/ow2/asm/asm/9.2/asm-9.2.jar:/Users/abdulrafaenoor/.m2/repository/org/mockito/mockito-core/4.2.0/mockito-core-4.2.0.jar:/Users/abdulrafaenoor/.m2/repository/net/bytebuddy/byte-buddy/1.12.4/byte-buddy-1.12.4.jar:/Users/abdulrafaenoor/.m2/repository/net/bytebuddy/byte-buddy-agent/1.12.4/byte-buddy-agent-1.12.4.jar:/Users/abdulrafaenoor/.m2/repository/org/objenesis/objenesis/3.2/objenesis-3.2.jar:/Users/abdulrafaenoor/.m2/repository/org/mockito/mockito-junit-jupiter/4.2.0/mockito-junit-jupiter-4.2.0.jar:/Users/abdulrafaenoor/.m2/repository/com/github/marschall/memoryfilesystem/2.3.0/memoryfilesystem-2.3.0.jar:/Users/abdulrafaenoor/.m2/repository/org/ops4j/pax/exam/pax-exam-container-native/4.13.5/pax-exam-container-native-4.13.5.jar:/Users/abdulrafaenoor/.m2/repository/org/ops4j/pax/exam/pax-exam/4.13.5/pax-exam-4.13.5.jar:/Users/abdulrafaenoor/.m2/repository/org/ops4j/base/ops4j-base-exec/1.5.1/ops4j-base-exec-1.5.1.jar:/Users/abdulrafaenoor/.m2/repository/org/ops4j/base/ops4j-base-io/1.5.1/ops4j-base-io-1.5.1.jar:/Users/abdulrafaenoor/.m2/repository/org/ops4j/base/ops4j-base-store/1.5.1/ops4j-base-store-1.5.1.jar:/Users/abdulrafaenoor/.m2/repository/org/ops4j/base/ops4j-base-util-property/1.5.1/ops4j-base-util-property-1.5.1.jar:/Users/abdulrafaenoor/.m2/repository/org/ops4j/pax/exam/pax-exam-spi/4.13.5/pax-exam-spi-4.13.5.jar:/Users/abdulrafaenoor/.m2/repository/org/ops4j/base/ops4j-base-spi/1.5.1/ops4j-base-spi-1.5.1.jar:/Users/abdulrafaenoor/.m2/repository/org/ops4j/pax/tinybundles/tinybundles/2.1.1/tinybundles-2.1.1.jar:/Users/abdulrafaenoor/.m2/repository/biz/aQute/bnd/bndlib/2.4.0/bndlib-2.4.0.jar:/Users/abdulrafaenoor/.m2/repository/org/ops4j/pax/swissbox/pax-swissbox-core/1.8.4/pax-swissbox-core-1.8.4.jar:/Users/abdulrafaenoor/.m2/repository/org/ops4j/pax/swissbox/pax-swissbox-lifecycle/1.8.4/pax-swissbox-lifecycle-1.8.4.jar:/Users/abdulrafaenoor/.m2/repository/org/ops4j/pax/swissbox/pax-swissbox-tracker/1.8.4/pax-swissbox-tracker-1.8.4.jar:/Users/abdulrafaenoor/.m2/repository/org/ops4j/base/ops4j-base-lang/1.5.1/ops4j-base-lang-1.5.1.jar:/Users/abdulrafaenoor/.m2/repository/org/ops4j/base/ops4j-base-net/1.5.1/ops4j-base-net-1.5.1.jar:/Users/abdulrafaenoor/.m2/repository/org/ops4j/base/ops4j-base-monitors/1.5.1/ops4j-base-monitors-1.5.1.jar:/Users/abdulrafaenoor/.m2/repository/org/ops4j/pax/url/pax-url-link/2.6.8/pax-url-link-2.6.8.jar:/Users/abdulrafaenoor/.m2/repository/org/ops4j/pax/url/pax-url-commons/2.6.8/pax-url-commons-2.6.8.jar:/Users/abdulrafaenoor/.m2/repository/org/ops4j/pax/url/pax-url-classpath/2.6.8/pax-url-classpath-2.6.8.jar:/Users/abdulrafaenoor/.m2/repository/org/ops4j/pax/swissbox/pax-swissbox-property/1.8.4/pax-swissbox-property-1.8.4.jar:/Users/abdulrafaenoor/.m2/repository/org/ops4j/pax/exam/pax-exam-junit4/4.13.5/pax-exam-junit4-4.13.5.jar:/Users/abdulrafaenoor/.m2/repository/org/ops4j/pax/exam/pax-exam-cm/4.13.5/pax-exam-cm-4.13.5.jar:/Users/abdulrafaenoor/.m2/repository/org/ops4j/pax/exam/pax-exam-link-mvn/4.13.5/pax-exam-link-mvn-4.13.5.jar:/Users/abdulrafaenoor/.m2/repository/org/ops4j/pax/url/pax-url-aether/2.6.8/pax-url-aether-2.6.8.jar:/Users/abdulrafaenoor/.m2/repository/org/ops4j/pax/url/pax-url-aether-support/2.6.8/pax-url-aether-support-2.6.8.jar:/Users/abdulrafaenoor/.m2/repository/org/apache/maven/resolver/maven-resolver-impl/1.3.1/maven-resolver-impl-1.3.1.jar:/Users/abdulrafaenoor/.m2/repository/org/apache/maven/resolver/maven-resolver-api/1.3.1/maven-resolver-api-1.3.1.jar:/Users/abdulrafaenoor/.m2/repository/org/apache/maven/resolver/maven-resolver-spi/1.3.1/maven-resolver-spi-1.3.1.jar:/Users/abdulrafaenoor/.m2/repository/org/apache/maven/resolver/maven-resolver-util/1.3.1/maven-resolver-util-1.3.1.jar:/Users/abdulrafaenoor/.m2/repository/org/slf4j/jcl-over-slf4j/1.6.6/jcl-over-slf4j-1.6.6.jar:/Users/abdulrafaenoor/.m2/repository/org/apache/felix/org.apache.felix.framework/7.0.3/org.apache.felix.framework-7.0.3.jar:/Users/abdulrafaenoor/.m2/repository/org/codehaus/mojo/animal-sniffer-annotations/1.9/animal-sniffer-annotations-1.9.jar:/Users/abdulrafaenoor/.m2/repository/javax/inject/javax.inject/1/javax.inject-1.jar:/Users/abdulrafaenoor/.m2/repository/org/slf4j/slf4j-api/1.7.35/slf4j-api-1.7.35.jar:/Users/abdulrafaenoor/.m2/repository/org/osgi/org.osgi.core/6.0.0/org.osgi.core-6.0.0.jar:"/>
    <property name="java.vm.vendor" value="Oracle Corporation"/>
    <property name="sun.arch.data.model" value="64"/>
    <property name="java.vendor.url" value="http://java.oracle.com/"/>
    <property name="user.timezone" value=""/>
    <property name="java.vm.specification.version" value="11"/>
    <property name="os.name" value="Mac OS X"/>
    <property name="pax.exam.karaf.version" value=""/>
    <property name="sun.java.launcher" value="SUN_STANDARD"/>
    <property name="user.country" value="PK"/>
    <property name="sun.boot.library.path" value="/Library/Java/JavaVirtualMachines/jdk-11.0.1.jdk/Contents/Home/lib"/>
    <property name="sun.java.command" value="/Users/abdulrafaenoor/Desktop/UIUC/Spring 2022/CS598 JBR/Deliverables/D1/commons-compress/target/surefire/surefirebooter11181397736832489687.jar /Users/abdulrafaenoor/Desktop/UIUC/Spring 2022/CS598 JBR/Deliverables/D1/commons-compress/target/surefire 2022-02-10T14-53-49_086-jvmRun1 surefire648300528137174424tmp surefire_014382398035131591981tmp"/>
    <property name="jdk.debug" value="release"/>
    <property name="surefire.test.class.path" value="/Users/abdulrafaenoor/Desktop/UIUC/Spring 2022/CS598 JBR/Deliverables/D1/commons-compress/target/test-classes:/Users/abdulrafaenoor/Desktop/UIUC/Spring 2022/CS598 JBR/Deliverables/D1/commons-compress/target/classes:/Users/abdulrafaenoor/.m2/repository/org/junit/jupiter/junit-jupiter-api/5.8.2/junit-jupiter-api-5.8.2.jar:/Users/abdulrafaenoor/.m2/repository/org/opentest4j/opentest4j/1.2.0/opentest4j-1.2.0.jar:/Users/abdulrafaenoor/.m2/repository/org/junit/platform/junit-platform-commons/1.8.2/junit-platform-commons-1.8.2.jar:/Users/abdulrafaenoor/.m2/repository/org/apiguardian/apiguardian-api/1.1.2/apiguardian-api-1.1.2.jar:/Users/abdulrafaenoor/.m2/repository/org/junit/jupiter/junit-jupiter-params/5.8.2/junit-jupiter-params-5.8.2.jar:/Users/abdulrafaenoor/.m2/repository/org/junit/vintage/junit-vintage-engine/5.8.2/junit-vintage-engine-5.8.2.jar:/Users/abdulrafaenoor/.m2/repository/org/junit/platform/junit-platform-engine/1.8.2/junit-platform-engine-1.8.2.jar:/Users/abdulrafaenoor/.m2/repository/junit/junit/4.13.2/junit-4.13.2.jar:/Users/abdulrafaenoor/.m2/repository/org/hamcrest/hamcrest-core/1.3/hamcrest-core-1.3.jar:/Users/abdulrafaenoor/.m2/repository/org/hamcrest/hamcrest/2.2/hamcrest-2.2.jar:/Users/abdulrafaenoor/.m2/repository/com/github/luben/zstd-jni/1.5.2-1/zstd-jni-1.5.2-1.jar:/Users/abdulrafaenoor/.m2/repository/org/brotli/dec/0.1.2/dec-0.1.2.jar:/Users/abdulrafaenoor/.m2/repository/org/tukaani/xz/1.9/xz-1.9.jar:/Users/abdulrafaenoor/.m2/repository/org/ow2/asm/asm/9.2/asm-9.2.jar:/Users/abdulrafaenoor/.m2/repository/org/mockito/mockito-core/4.2.0/mockito-core-4.2.0.jar:/Users/abdulrafaenoor/.m2/repository/net/bytebuddy/byte-buddy/1.12.4/byte-buddy-1.12.4.jar:/Users/abdulrafaenoor/.m2/repository/net/bytebuddy/byte-buddy-agent/1.12.4/byte-buddy-agent-1.12.4.jar:/Users/abdulrafaenoor/.m2/repository/org/objenesis/objenesis/3.2/objenesis-3.2.jar:/Users/abdulrafaenoor/.m2/repository/org/mockito/mockito-junit-jupiter/4.2.0/mockito-junit-jupiter-4.2.0.jar:/Users/abdulrafaenoor/.m2/repository/com/github/marschall/memoryfilesystem/2.3.0/memoryfilesystem-2.3.0.jar:/Users/abdulrafaenoor/.m2/repository/org/ops4j/pax/exam/pax-exam-container-native/4.13.5/pax-exam-container-native-4.13.5.jar:/Users/abdulrafaenoor/.m2/repository/org/ops4j/pax/exam/pax-exam/4.13.5/pax-exam-4.13.5.jar:/Users/abdulrafaenoor/.m2/repository/org/ops4j/base/ops4j-base-exec/1.5.1/ops4j-base-exec-1.5.1.jar:/Users/abdulrafaenoor/.m2/repository/org/ops4j/base/ops4j-base-io/1.5.1/ops4j-base-io-1.5.1.jar:/Users/abdulrafaenoor/.m2/repository/org/ops4j/base/ops4j-base-store/1.5.1/ops4j-base-store-1.5.1.jar:/Users/abdulrafaenoor/.m2/repository/org/ops4j/base/ops4j-base-util-property/1.5.1/ops4j-base-util-property-1.5.1.jar:/Users/abdulrafaenoor/.m2/repository/org/ops4j/pax/exam/pax-exam-spi/4.13.5/pax-exam-spi-4.13.5.jar:/Users/abdulrafaenoor/.m2/repository/org/ops4j/base/ops4j-base-spi/1.5.1/ops4j-base-spi-1.5.1.jar:/Users/abdulrafaenoor/.m2/repository/org/ops4j/pax/tinybundles/tinybundles/2.1.1/tinybundles-2.1.1.jar:/Users/abdulrafaenoor/.m2/repository/biz/aQute/bnd/bndlib/2.4.0/bndlib-2.4.0.jar:/Users/abdulrafaenoor/.m2/repository/org/ops4j/pax/swissbox/pax-swissbox-core/1.8.4/pax-swissbox-core-1.8.4.jar:/Users/abdulrafaenoor/.m2/repository/org/ops4j/pax/swissbox/pax-swissbox-lifecycle/1.8.4/pax-swissbox-lifecycle-1.8.4.jar:/Users/abdulrafaenoor/.m2/repository/org/ops4j/pax/swissbox/pax-swissbox-tracker/1.8.4/pax-swissbox-tracker-1.8.4.jar:/Users/abdulrafaenoor/.m2/repository/org/ops4j/base/ops4j-base-lang/1.5.1/ops4j-base-lang-1.5.1.jar:/Users/abdulrafaenoor/.m2/repository/org/ops4j/base/ops4j-base-net/1.5.1/ops4j-base-net-1.5.1.jar:/Users/abdulrafaenoor/.m2/repository/org/ops4j/base/ops4j-base-monitors/1.5.1/ops4j-base-monitors-1.5.1.jar:/Users/abdulrafaenoor/.m2/repository/org/ops4j/pax/url/pax-url-link/2.6.8/pax-url-link-2.6.8.jar:/Users/abdulrafaenoor/.m2/repository/org/ops4j/pax/url/pax-url-commons/2.6.8/pax-url-commons-2.6.8.jar:/Users/abdulrafaenoor/.m2/repository/org/ops4j/pax/url/pax-url-classpath/2.6.8/pax-url-classpath-2.6.8.jar:/Users/abdulrafaenoor/.m2/repository/org/ops4j/pax/swissbox/pax-swissbox-property/1.8.4/pax-swissbox-property-1.8.4.jar:/Users/abdulrafaenoor/.m2/repository/org/ops4j/pax/exam/pax-exam-junit4/4.13.5/pax-exam-junit4-4.13.5.jar:/Users/abdulrafaenoor/.m2/repository/org/ops4j/pax/exam/pax-exam-cm/4.13.5/pax-exam-cm-4.13.5.jar:/Users/abdulrafaenoor/.m2/repository/org/ops4j/pax/exam/pax-exam-link-mvn/4.13.5/pax-exam-link-mvn-4.13.5.jar:/Users/abdulrafaenoor/.m2/repository/org/ops4j/pax/url/pax-url-aether/2.6.8/pax-url-aether-2.6.8.jar:/Users/abdulrafaenoor/.m2/repository/org/ops4j/pax/url/pax-url-aether-support/2.6.8/pax-url-aether-support-2.6.8.jar:/Users/abdulrafaenoor/.m2/repository/org/apache/maven/resolver/maven-resolver-impl/1.3.1/maven-resolver-impl-1.3.1.jar:/Users/abdulrafaenoor/.m2/repository/org/apache/maven/resolver/maven-resolver-api/1.3.1/maven-resolver-api-1.3.1.jar:/Users/abdulrafaenoor/.m2/repository/org/apache/maven/resolver/maven-resolver-spi/1.3.1/maven-resolver-spi-1.3.1.jar:/Users/abdulrafaenoor/.m2/repository/org/apache/maven/resolver/maven-resolver-util/1.3.1/maven-resolver-util-1.3.1.jar:/Users/abdulrafaenoor/.m2/repository/org/slf4j/jcl-over-slf4j/1.6.6/jcl-over-slf4j-1.6.6.jar:/Users/abdulrafaenoor/.m2/repository/org/apache/felix/org.apache.felix.framework/7.0.3/org.apache.felix.framework-7.0.3.jar:/Users/abdulrafaenoor/.m2/repository/org/codehaus/mojo/animal-sniffer-annotations/1.9/animal-sniffer-annotations-1.9.jar:/Users/abdulrafaenoor/.m2/repository/javax/inject/javax.inject/1/javax.inject-1.jar:/Users/abdulrafaenoor/.m2/repository/org/slf4j/slf4j-api/1.7.35/slf4j-api-1.7.35.jar:/Users/abdulrafaenoor/.m2/repository/org/osgi/org.osgi.core/6.0.0/org.osgi.core-6.0.0.jar:"/>
    <property name="sun.cpu.endian" value="little"/>
    <property name="user.home" value="/Users/abdulrafaenoor"/>
    <property name="user.language" value="en"/>
    <property name="java.specification.vendor" value="Oracle Corporation"/>
    <property name="java.version.date" value="2018-10-16"/>
    <property name="commons-compress.version" value="1.22-SNAPSHOT"/>
    <property name="java.home" value="/Library/Java/JavaVirtualMachines/jdk-11.0.1.jdk/Contents/Home"/>
    <property name="file.separator" value="/"/>
    <property name="basedir" value="/Users/abdulrafaenoor/Desktop/UIUC/Spring 2022/CS598 JBR/Deliverables/D1/commons-compress"/>
    <property name="java.vm.compressedOopsMode" value="Zero based"/>
    <property name="line.separator" value="&#10;"/>
    <property name="java.specification.name" value="Java Platform API Specification"/>
    <property name="java.vm.specification.vendor" value="Oracle Corporation"/>
    <property name="java.awt.graphicsenv" value="sun.awt.CGraphicsEnvironment"/>
    <property name="surefire.real.class.path" value="/Users/abdulrafaenoor/Desktop/UIUC/Spring 2022/CS598 JBR/Deliverables/D1/commons-compress/target/surefire/surefirebooter11181397736832489687.jar"/>
    <property name="sun.management.compiler" value="HotSpot 64-Bit Tiered Compilers"/>
    <property name="java.runtime.version" value="11.0.1+13-LTS"/>
    <property name="user.name" value="abdulrafaenoor"/>
    <property name="path.separator" value=":"/>
    <property name="os.version" value="10.16"/>
    <property name="java.runtime.name" value="Java(TM) SE Runtime Environment"/>
    <property name="file.encoding" value="UTF-8"/>
    <property name="java.vm.name" value="Java HotSpot(TM) 64-Bit Server VM"/>
    <property name="java.vendor.version" value="18.9"/>
    <property name="localRepository" value="/Users/abdulrafaenoor/.m2/repository"/>
    <property name="java.vendor.url.bug" value="http://bugreport.java.com/bugreport/"/>
    <property name="java.io.tmpdir" value="/var/folders/72/05_z63c55y7866wpkc4bvggm0000gn/T/"/>
    <property name="java.version" value="11.0.1"/>
    <property name="user.dir" value="/Users/abdulrafaenoor/Desktop/UIUC/Spring 2022/CS598 JBR/Deliverables/D1/commons-compress"/>
    <property name="os.arch" value="x86_64"/>
    <property name="java.vm.specification.name" value="Java Virtual Machine Specification"/>
    <property name="java.awt.printerjob" value="sun.lwawt.macosx.CPrinterJob"/>
    <property name="sun.os.patch.level" value="unknown"/>
    <property name="java.library.path" value="/Users/abdulrafaenoor/Library/Java/Extensions:/Library/Java/Extensions:/Network/Library/Java/Extensions:/System/Library/Java/Extensions:/usr/lib/java:."/>
    <property name="java.vendor" value="Oracle Corporation"/>
    <property name="java.vm.info" value="mixed mode"/>
    <property name="java.vm.version" value="11.0.1+13-LTS"/>
    <property name="sun.io.unicode.encoding" value="UnicodeBig"/>
    <property name="java.class.version" value="55.0"/>
  </properties>
  <testcase name="testCountInvokeInterfaceArgs" classname="org.apache.commons.compress.harmony.unpack200.tests.SegmentUtilsTest" time="0"/>
  <testcase name="testMatches" classname="org.apache.commons.compress.harmony.unpack200.tests.SegmentUtilsTest" time="0"/>
  <testcase name="testCountArgs" classname="org.apache.commons.compress.harmony.unpack200.tests.SegmentUtilsTest" time="0"/>
</testsuite>